TN:
SF:app.js
FN:18,(anonymous_0)
FN:26,(anonymous_1)
FNF:2
FNH:0
FNDA:0,(anonymous_0)
FNDA:0,(anonymous_1)
DA:1,1
DA:2,1
DA:3,1
DA:5,1
DA:7,1
DA:9,1
DA:10,1
DA:13,1
DA:18,1
DA:19,0
DA:22,1
DA:26,1
DA:27,0
DA:28,0
DA:33,1
LF:15
LH:12
BRF:0
BRH:0
end_of_record
TN:
SF:bin\www
FN:36,normalizePort
FN:56,onError
FN:84,onListening
FNF:3
FNH:2
FNDA:1,normalizePort
FNDA:0,onError
FNDA:1,onListening
DA:7,1
DA:8,1
DA:9,1
DA:15,1
DA:16,1
DA:22,1
DA:28,1
DA:29,1
DA:30,1
DA:37,1
DA:39,1
DA:41,0
DA:44,1
DA:46,1
DA:49,0
DA:57,0
DA:58,0
DA:61,0
DA:66,0
DA:68,0
DA:69,0
DA:70,0
DA:72,0
DA:74,0
DA:76,0
DA:85,1
DA:86,1
DA:89,1
DA:93,1
LF:29
LH:17
BRDA:15,0,0,1
BRDA:15,0,1,0
BRDA:39,1,0,0
BRDA:39,1,1,1
BRDA:44,2,0,1
BRDA:44,2,1,0
BRDA:57,3,0,0
BRDA:57,3,1,0
BRDA:61,4,0,0
BRDA:61,4,1,0
BRDA:66,5,0,0
BRDA:66,5,1,0
BRDA:66,5,2,0
BRDA:86,6,0,0
BRDA:86,6,1,1
BRF:15
BRH:4
end_of_record
TN:
SF:config\config.js
FNF:0
FNH:0
DA:1,1
DA:3,1
LF:2
LH:2
BRF:0
BRH:0
end_of_record
TN:
SF:config\dbConfig.js
FNF:0
FNH:0
DA:1,1
DA:3,1
LF:2
LH:2
BRF:0
BRH:0
end_of_record
TN:
SF:config\helper.js
FN:4,hashPassword
FN:8,verifyPassword
FN:13,validateUser
FNF:3
FNH:1
FNDA:0,hashPassword
FNDA:0,verifyPassword
FNDA:1,validateUser
DA:1,1
DA:2,1
DA:5,0
DA:9,0
DA:14,1
DA:15,1
DA:16,0
DA:19,1
DA:20,1
DA:21,0
DA:23,1
DA:26,1
LF:12
LH:8
BRDA:15,0,0,0
BRDA:15,0,1,1
BRDA:20,1,0,0
BRDA:20,1,1,1
BRF:4
BRH:2
end_of_record
TN:
SF:src\controllers\article.controller.js
FN:6,(anonymous_0)
FN:25,(anonymous_1)
FN:52,(anonymous_2)
FN:77,(anonymous_3)
FN:99,(anonymous_4)
FNF:5
FNH:5
FNDA:1,(anonymous_0)
FNDA:1,(anonymous_1)
FNDA:1,(anonymous_2)
FNDA:1,(anonymous_3)
FNDA:1,(anonymous_4)
DA:1,1
DA:2,1
DA:3,1
DA:6,1
DA:7,1
DA:8,1
DA:9,1
DA:10,1
DA:12,1
DA:18,0
DA:25,1
DA:26,1
DA:27,1
DA:29,1
DA:30,1
DA:31,1
DA:33,1
DA:39,1
DA:45,0
DA:52,1
DA:53,1
DA:54,1
DA:55,1
DA:56,1
DA:57,0
DA:63,1
DA:70,0
DA:77,1
DA:78,1
DA:79,1
DA:80,1
DA:81,1
DA:83,1
DA:84,1
DA:85,1
DA:92,0
DA:99,1
DA:100,1
DA:101,1
DA:103,1
DA:110,1
DA:115,0
DA:122,1
LF:43
LH:37
BRDA:29,0,0,1
BRDA:29,0,1,1
BRDA:30,1,0,1
BRDA:30,1,1,1
BRDA:31,2,0,1
BRDA:31,2,1,1
BRDA:56,3,0,0
BRDA:56,3,1,1
BRDA:83,4,0,1
BRDA:83,4,1,0
BRF:10
BRH:8
end_of_record
TN:
SF:src\controllers\comment.controller.js
FN:5,(anonymous_0)
FN:24,(anonymous_1)
FN:48,(anonymous_2)
FN:69,(anonymous_3)
FNF:4
FNH:0
FNDA:0,(anonymous_0)
FNDA:0,(anonymous_1)
FNDA:0,(anonymous_2)
FNDA:0,(anonymous_3)
DA:1,1
DA:2,1
DA:5,1
DA:6,0
DA:7,0
DA:8,0
DA:9,0
DA:11,0
DA:17,0
DA:24,1
DA:25,0
DA:26,0
DA:27,0
DA:28,0
DA:34,0
DA:41,0
DA:48,1
DA:49,0
DA:50,0
DA:51,0
DA:53,0
DA:54,0
DA:55,0
DA:62,0
DA:69,1
DA:70,0
DA:71,0
DA:73,0
DA:80,0
DA:85,0
DA:92,1
LF:31
LH:7
BRDA:27,0,0,0
BRDA:27,0,1,0
BRDA:53,1,0,0
BRDA:53,1,1,0
BRF:4
BRH:0
end_of_record
TN:
SF:src\controllers\user.controller.js
FN:5,(anonymous_0)
FN:30,(anonymous_1)
FNF:2
FNH:1
FNDA:0,(anonymous_0)
FNDA:1,(anonymous_1)
DA:1,1
DA:2,1
DA:3,1
DA:5,1
DA:6,0
DA:7,0
DA:8,0
DA:15,0
DA:16,0
DA:18,0
DA:23,0
DA:30,1
DA:31,1
DA:32,1
DA:33,1
DA:34,1
DA:35,0
DA:41,1
DA:43,1
DA:49,0
DA:56,1
LF:21
LH:12
BRDA:34,0,0,0
BRDA:34,0,1,1
BRF:2
BRH:1
end_of_record
TN:
SF:src\middleware\article.validation.js
FN:4,validateArticle
FN:18,validateEditArticle
FN:35,validate
FN:41,(anonymous_3)
FNF:4
FNH:3
FNDA:1,validateArticle
FNDA:1,validateEditArticle
FNDA:2,validate
FNDA:0,(anonymous_3)
DA:1,1
DA:5,1
DA:19,1
DA:36,2
DA:37,2
DA:38,2
DA:40,0
DA:41,0
DA:43,0
DA:48,1
LF:10
LH:7
BRDA:37,0,0,2
BRDA:37,0,1,0
BRF:2
BRH:1
end_of_record
TN:
SF:src\middleware\auth.validation.js
FN:5,validateSignUp
FN:18,(anonymous_1)
FN:19,(anonymous_2)
FN:36,validateLogin
FN:49,validate
FN:55,(anonymous_5)
FNF:6
FNH:3
FNDA:1,validateSignUp
FNDA:0,(anonymous_1)
FNDA:0,(anonymous_2)
FNDA:1,validateLogin
FNDA:1,validate
FNDA:0,(anonymous_5)
DA:1,1
DA:2,1
DA:6,1
DA:19,0
DA:20,0
DA:21,0
DA:37,1
DA:50,1
DA:51,1
DA:52,1
DA:54,0
DA:55,0
DA:57,0
DA:62,1
LF:14
LH:8
BRDA:20,0,0,0
BRDA:20,0,1,0
BRDA:51,1,0,1
BRDA:51,1,1,0
BRF:4
BRH:1
end_of_record
TN:
SF:src\middleware\authenticate.js
FN:11,(anonymous_0)
FN:20,(anonymous_1)
FNF:2
FNH:2
FNDA:1,(anonymous_0)
FNDA:3,(anonymous_1)
DA:1,1
DA:3,1
DA:5,1
DA:6,1
DA:7,1
DA:9,1
DA:11,1
DA:12,1
DA:15,1
DA:16,1
DA:17,1
DA:19,1
DA:21,3
DA:23,3
DA:24,3
DA:26,0
DA:31,1
LF:17
LH:16
BRDA:23,0,0,3
BRDA:23,0,1,0
BRF:2
BRH:1
end_of_record
TN:
SF:src\middleware\authorize.js
FN:5,(anonymous_0)
FN:32,(anonymous_1)
FNF:2
FNH:1
FNDA:2,(anonymous_0)
FNDA:0,(anonymous_1)
DA:1,1
DA:2,1
DA:3,1
DA:5,1
DA:6,2
DA:7,2
DA:9,2
DA:10,0
DA:16,2
DA:17,2
DA:19,0
DA:25,0
DA:32,1
DA:33,0
DA:34,0
DA:36,0
DA:37,0
DA:43,0
DA:44,0
DA:46,0
DA:52,0
LF:21
LH:10
BRDA:9,0,0,0
BRDA:9,0,1,2
BRDA:16,1,0,2
BRDA:16,1,1,0
BRDA:36,2,0,0
BRDA:36,2,1,0
BRDA:43,3,0,0
BRDA:43,3,1,0
BRF:8
BRH:2
end_of_record
TN:
SF:src\middleware\comment.validation.js
FN:4,validateComment
FN:18,validate
FN:24,(anonymous_2)
FNF:3
FNH:1
FNDA:1,validateComment
FNDA:0,validate
FNDA:0,(anonymous_2)
DA:1,1
DA:5,1
DA:19,0
DA:20,0
DA:21,0
DA:23,0
DA:24,0
DA:26,0
DA:31,1
LF:9
LH:3
BRDA:20,0,0,0
BRDA:20,0,1,0
BRF:2
BRH:0
end_of_record
TN:
SF:src\model\articles.model.js
FN:1,(anonymous_0)
FNF:1
FNH:1
FNDA:1,(anonymous_0)
DA:1,1
DA:3,1
DA:30,1
LF:3
LH:3
BRF:0
BRH:0
end_of_record
TN:
SF:src\model\comments.model.js
FN:1,(anonymous_0)
FNF:1
FNH:1
FNDA:1,(anonymous_0)
DA:1,1
DA:3,1
DA:25,1
LF:3
LH:3
BRF:0
BRH:0
end_of_record
TN:
SF:src\model\index.js
FN:10,(anonymous_0)
FN:11,(anonymous_1)
FN:25,(anonymous_2)
FN:26,(anonymous_3)
FNF:4
FNH:2
FNDA:1,(anonymous_0)
FNDA:0,(anonymous_1)
FNDA:1,(anonymous_2)
FNDA:0,(anonymous_3)
DA:1,1
DA:2,1
DA:4,1
DA:9,1
DA:10,1
DA:12,0
DA:15,1
DA:17,1
DA:18,1
DA:20,1
DA:21,1
DA:22,1
DA:24,1
DA:25,1
DA:27,0
DA:31,1
LF:16
LH:14
BRF:0
BRH:0
end_of_record
TN:
SF:src\model\users.model.js
FN:1,(anonymous_0)
FNF:1
FNH:1
FNDA:1,(anonymous_0)
DA:1,1
DA:3,1
DA:32,1
LF:3
LH:3
BRF:0
BRH:0
end_of_record
TN:
SF:src\routes\article.route.js
FNF:0
FNH:0
DA:1,1
DA:2,1
DA:3,1
DA:4,1
DA:12,1
DA:13,1
DA:16,1
DA:21,1
DA:28,1
LF:9
LH:9
BRF:0
BRH:0
end_of_record
TN:
SF:src\routes\comment.route.js
FNF:0
FNH:0
DA:1,1
DA:2,1
DA:3,1
DA:4,1
DA:10,1
DA:11,1
DA:14,1
DA:18,1
DA:25,1
LF:9
LH:9
BRF:0
BRH:0
end_of_record
TN:
SF:src\routes\index.js
FNF:0
FNH:0
DA:1,1
DA:2,1
DA:3,1
DA:4,1
DA:5,1
DA:8,1
DA:9,1
DA:10,1
DA:13,1
LF:9
LH:9
BRF:0
BRH:0
end_of_record
TN:
SF:src\routes\user.route.js
FNF:0
FNH:0
DA:1,1
DA:2,1
DA:4,1
DA:5,1
DA:7,1
DA:11,1
DA:16,1
LF:7
LH:7
BRF:0
BRH:0
end_of_record
TN:
SF:src\services\comment.service.js
FN:4,(anonymous_0)
FN:22,(anonymous_1)
FNF:2
FNH:1
FNDA:1,(anonymous_0)
FNDA:0,(anonymous_1)
DA:1,1
DA:4,1
DA:5,1
DA:6,1
DA:7,1
DA:9,1
DA:16,1
DA:18,0
DA:22,1
DA:23,0
DA:24,0
DA:25,0
DA:26,0
DA:31,0
DA:34,0
DA:43,1
LF:16
LH:9
BRDA:4,0,0,1
BRDA:4,1,0,1
BRDA:25,2,0,0
BRDA:25,2,1,0
BRF:4
BRH:2
end_of_record
